2025-09-30 01:23:07, MOVE, v:1, k:enxugar, mode:PICK
2025-09-30 01:23:10, EXEC, v:1, k:enxugar, mode:FREE
2025-09-30 01:23:27, MOVE, v:1, k:enxugar, mode:PICK
2025-09-30 01:23:30, EXEC, v:1, k:enxugar, mode:FULL, rate:0
2025-09-30 01:26:58, EXEC, v:1, k:enxugar, mode:FULL, rate:0
2025-09-30 01:30:32, MOVE, v:1, k:enxugar, mode:PICK
2025-09-30 01:30:33, EXEC, v:1, k:enxugar, mode:FULL, rate:0, size:69
2025-09-30 01:33:31, EXEC, v:1, k:enxugar, mode:FULL, rate:0, size:69
2025-09-30 01:34:18, EXEC, v:1, k:enxugar, mode:FULL, rate:0, size:69
2025-09-30 01:34:41, EXEC, v:1, k:enxugar, mode:FULL, rate:0, size:69
2025-09-30 01:34:48, EXEC, v:1, k:enxugar, mode:FULL, rate:0, size:69
2025-09-30 01:35:01, EXEC, v:1, k:enxugar, mode:FULL, rate:0, size:69
2025-09-30 01:35:18, EXEC, v:1, k:enxugar, mode:FULL, rate:100, size:69
2025-09-30 01:40:12, MOVE, v:1, k:enxugar, mode:PICK
2025-09-30 01:40:16, EXEC, v:1, k:enxugar, mode:FREE
2025-09-30 01:41:09, MOVE, v:1, k:animal, mode:DOWN
2025-09-30 01:41:10, MOVE, v:1, k:animal, mode:PICK
2025-09-30 01:41:11, EXEC, v:1, k:animal, mode:FULL, rate:0, size:0
2025-09-30 01:58:28, EXEC, v:1, k:animal, mode:FULL, rate:0, size:11
2025-09-30 01:59:06, EXEC, v:1, k:animal, mode:FULL, rate:0, size:11
2025-09-30 02:02:40, EXEC, v:1, k:animal, mode:FULL, rate:0, size:18
2025-09-30 02:03:53, EXEC, v:1, k:animal, mode:FULL, rate:0, size:18
2025-09-30 02:04:57, EXEC, v:1, k:animal, mode:FULL, rate:0
2025-09-30 02:06:47, EXEC, v:1, k:animal, mode:FULL, rate:0, size:22
2025-09-30 02:08:46, EXEC, v:1, k:animal, mode:FULL, rate:0, size:22
2025-09-30 02:13:02, EXEC, v:1, k:animal, mode:FULL, rate:0, size:25
2025-09-30 02:13:59, EXEC, v:1, k:animal, mode:FULL, rate:0, size:24
2025-09-30 02:15:10, EXEC, v:1, k:animal, mode:FULL, rate:0, size:28
2025-09-30 02:16:26, EXEC, v:1, k:animal, mode:FULL, rate:0, size:30
2025-09-30 02:17:42, EXEC, v:1, k:animal, mode:FULL, rate:0, size:34
2025-09-30 02:18:03, MOVE, v:1, k:animal, mode:PICK
2025-09-30 02:18:21, EXEC, v:1, k:animal, mode:FULL, rate:0
2025-09-30 02:20:08, EXEC, v:1, k:animal, mode:FULL, rate:0, size:38
2025-09-30 02:28:08, EXEC, v:1, k:animal, mode:FULL, rate:0, size:52
2025-09-30 02:31:56, EXEC, v:1, k:animal, mode:FULL, rate:0, size:52
2025-09-30 02:35:07, EXEC, v:1, k:animal, mode:FULL, rate:0, size:59
2025-09-30 02:35:43, MOVE, v:1, k:animal, mode:PICK
2025-09-30 02:35:44, EXEC, v:1, k:animal, mode:FULL, rate:0
2025-09-30 02:35:45, EXEC, v:1, k:animal, mode:FULL, rate:0
2025-09-30 14:39:04, MOVE, v:1, k:animal, mode:PICK
2025-09-30 14:39:06, EXEC, v:1, k:animal, mode:FULL, rate:0
2025-09-30 14:39:07, EXEC, v:1, k:animal, mode:FULL, rate:0
2025-09-30 14:47:45, EXEC, v:1, k:animal, mode:FULL, rate:0, size:14
2025-09-30 14:49:25, EXEC, v:1, k:animal, mode:FULL, rate:0, size:15
2025-09-30 14:51:27, EXEC, v:1, k:animal, mode:FULL, rate:0, size:22
2025-09-30 14:51:28, EXEC, v:1, k:animal, mode:FULL, rate:0
2025-09-30 14:51:55, EXEC, v:1, k:animal, mode:FULL, rate:0, size:22
2025-09-30 14:52:31, EXEC, v:1, k:animal, mode:FULL, rate:0, size:24
2025-09-30 14:53:42, EXEC, v:1, k:animal, mode:FULL, rate:0, size:26
2025-09-30 14:56:24, EXEC, v:1, k:animal, mode:FULL, rate:0, size:31
2025-09-30 14:59:08, EXEC, v:1, k:animal, mode:FULL, rate:0, size:35
2025-09-30 14:59:29, EXEC, v:1, k:animal, mode:FREE
2025-09-30 14:59:44, EXEC, v:1, k:animal, mode:FULL, rate:0
2025-09-30 14:59:48, MOVE, v:1, k:animal, mode:BACK
2025-09-30 14:59:54, MOVE, v:1, k:animal, mode:PICK
2025-09-30 14:59:55, EXEC, v:1, k:animal, mode:FULL, rate:0
2025-09-30 14:59:56, EXEC, v:1, k:animal, mode:FULL, rate:0
2025-09-30 15:02:55, EXEC, v:1, k:animal, mode:FULL, rate:0, size:40
2025-09-30 15:02:57, EXEC, v:1, k:animal, mode:FULL, rate:0, size:41
2025-09-30 15:02:57, EXEC, v:1, k:animal, mode:FULL, rate:0, size:41
2025-09-30 15:02:58, EXEC, v:1, k:animal, mode:FULL, rate:0, size:41
2025-09-30 15:03:13, EXEC, v:1, k:animal, mode:FULL, rate:0
2025-09-30 15:03:14, EXEC, v:1, k:animal, mode:FULL, rate:0
2025-09-30 15:04:45, EXEC, v:1, k:animal, mode:FULL, rate:0, size:44
2025-09-30 15:04:47, EXEC, v:1, k:animal, mode:FULL, rate:0
2025-09-30 15:06:46, EXEC, v:1, k:animal, mode:FULL, rate:0, size:52
2025-09-30 15:06:47, EXEC, v:1, k:animal, mode:FULL, rate:0
2025-09-30 15:06:47, EXEC, v:1, k:animal, mode:FULL, rate:0
2025-09-30 15:07:30, EXEC, v:1, k:animal, mode:FULL, rate:0
2025-09-30 15:07:30, EXEC, v:1, k:animal, mode:FULL, rate:0
2025-09-30 15:07:31, EXEC, v:1, k:animal, mode:FULL, rate:0
2025-09-30 15:07:31, EXEC, v:1, k:animal, mode:FULL, rate:0
2025-09-30 15:07:32, EXEC, v:1, k:animal, mode:FULL, rate:0
2025-09-30 15:07:32, EXEC, v:1, k:animal, mode:FULL, rate:0
2025-09-30 15:07:47, EXEC, v:1, k:animal, mode:FREE
2025-09-30 15:18:00, MOVE, v:1, k:animal, mode:PICK
2025-09-30 15:18:01, EXEC, v:1, k:animal, mode:FULL, rate:0
2025-09-30 15:18:02, EXEC, v:1, k:animal, mode:FULL, rate:0
2025-09-30 15:18:06, EXEC, v:1, k:animal, mode:FULL, rate:0
2025-09-30 15:18:59, EXEC, v:1, k:animal, mode:FULL, rate:0, size:50
2025-09-30 15:19:10, EXEC, v:1, k:animal, mode:FULL, rate:0
2025-09-30 17:06:42, MOVE, v:1, k:animal, mode:PICK
2025-09-30 17:06:42, EXEC, v:1, k:animal, mode:FULL, rate:0
2025-09-30 17:06:53, EXEC, v:1, k:animal, mode:FULL, rate:0
2025-09-30 17:07:14, EXEC, v:1, k:animal, mode:FULL, rate:0
2025-09-30 17:07:15, EXEC, v:1, k:animal, mode:FULL, rate:0, size:50
2025-09-30 17:07:15, EXEC, v:1, k:animal, mode:FULL, rate:0, size:50
2025-09-30 17:10:37, EXEC, v:1, k:animal, mode:FULL, rate:0, size:49
2025-09-30 17:11:00, EXEC, v:1, k:animal, mode:FULL, rate:0, size:49
2025-09-30 17:11:19, EXEC, v:1, k:animal, mode:FULL, rate:0, size:49
2025-09-30 17:11:40, EXEC, v:1, k:animal, mode:FULL, rate:0, size:49
2025-09-30 17:11:51, EXEC, v:1, k:animal, mode:FULL, rate:0, size:49
2025-09-30 17:12:39, EXEC, v:1, k:animal, mode:FULL, rate:0
2025-09-30 17:13:35, EXEC, v:1, k:animal, mode:FULL, rate:0, size:49
2025-09-30 17:14:11, MOVE, v:1, k:animal, mode:PICK
2025-09-30 17:14:11, EXEC, v:1, k:animal, mode:FULL, rate:0
2025-09-30 17:17:08, EXEC, v:1, k:animal, mode:FULL, rate:0
2025-09-30 17:19:38, EXEC, v:1, k:animal, mode:FULL, rate:0
2025-09-30 17:22:01, EXEC, v:1, k:animal, mode:FULL, rate:0, size:50
2025-09-30 17:32:18, EXEC, v:1, k:animal, mode:FULL, rate:25, size:50
2025-09-30 17:32:40, EXEC, v:1, k:animal, mode:FULL, rate:50, size:50
2025-09-30 17:34:44, EXEC, v:1, k:animal, mode:FULL, rate:50
2025-09-30 17:37:52, EXEC, v:1, k:animal, mode:FULL, rate:100, size:53
